2025-05-19 20:22:28.129 | INFO     | utils_logger:<module>:41 - Logging to file: logs\project_log.log
2025-05-19 20:22:28.129 | INFO     | __main__:main:97 - Starting CSV fetch demonstration...
2025-05-19 20:22:28.129 | INFO     | __main__:fetch_csv_file:56 - Fetching CSV data from https://raw.githubusercontent.com/MainakRepositor/Datasets/master/World%20Happiness%20Data/2020.csv...
2025-05-19 20:22:28.680 | INFO     | __main__:write_csv_file:80 - Writing CSV data to example_data\2020_happiness.csv...
2025-05-19 20:22:28.684 | INFO     | __main__:write_csv_file:84 - SUCCESS: CSV data written to example_data\2020_happiness.csv
2025-05-19 20:22:28.720 | INFO     | __main__:fetch_csv_file:60 - SUCCESS: CSV file fetched and saved as 2020_happiness.csv
2025-05-19 20:28:20.032 | INFO     | utils_logger:<module>:41 - Logging to file: logs\project_log.log
2025-05-19 20:28:20.137 | INFO     | __main__:main:99 - Starting Excel fetch demonstration...
2025-05-19 20:28:20.137 | INFO     | __main__:fetch_excel_file:58 - Fetching Excel data from https://raw.githubusercontent.com/denisecase/datafun-03-analytics/main/hosted/Feedback.xlsx...
2025-05-19 20:28:20.645 | INFO     | __main__:write_excel_file:82 - Writing Excel data to example_data\Feedback.xlsx...
2025-05-19 20:28:20.647 | INFO     | __main__:write_excel_file:86 - SUCCESS: Excel data written to example_data\Feedback.xlsx
2025-05-19 20:28:20.647 | INFO     | __main__:fetch_excel_file:62 - SUCCESS: Excel file fetched and saved as Feedback.xlsx
2025-05-19 20:29:20.635 | INFO     | utils_logger:<module>:41 - Logging to file: logs\project_log.log
2025-05-19 20:29:20.736 | INFO     | __main__:main:101 - Starting JSON fetch demonstration...
2025-05-19 20:29:20.737 | INFO     | __main__:fetch_json_file:60 - Fetching JSON data from http://api.open-notify.org/astros.json...
2025-05-19 20:29:24.059 | INFO     | __main__:write_json_file:84 - Writing JSON data to example_data\astros.json...
2025-05-19 20:29:24.064 | INFO     | __main__:write_json_file:88 - SUCCESS: JSON data written to example_data\astros.json
2025-05-19 20:29:24.064 | INFO     | __main__:fetch_json_file:64 - SUCCESS: JSON file fetched and saved as astros.json
2025-05-19 20:29:43.305 | INFO     | utils_logger:<module>:41 - Logging to file: logs\project_log.log
2025-05-19 20:29:43.401 | INFO     | __main__:main:101 - Starting JSON fetch demonstration...
2025-05-19 20:29:43.409 | INFO     | __main__:fetch_json_file:60 - Fetching JSON data from http://api.open-notify.org/astros.json...
2025-05-19 20:29:46.666 | INFO     | __main__:write_json_file:84 - Writing JSON data to example_data\astros.json...
2025-05-19 20:29:46.666 | INFO     | __main__:write_json_file:88 - SUCCESS: JSON data written to example_data\astros.json
2025-05-19 20:29:46.666 | INFO     | __main__:fetch_json_file:64 - SUCCESS: JSON file fetched and saved as astros.json
2025-05-19 20:30:19.862 | INFO     | utils_logger:<module>:41 - Logging to file: logs\project_log.log
2025-05-19 20:30:19.964 | INFO     | __main__:main:99 - Starting text fetch demonstration...
2025-05-19 20:30:19.964 | INFO     | __main__:fetch_txt_file:58 - Fetching text data from https://raw.githubusercontent.com/denisecase/datafun-03-analytics/main/hosted/romeo.txt...
2025-05-19 20:30:20.482 | INFO     | __main__:write_txt_file:82 - Writing data to example_data\romeo.txt...
2025-05-19 20:30:20.503 | INFO     | __main__:write_txt_file:86 - SUCCESS: Data written to example_data\romeo.txt
2025-05-19 20:30:20.503 | INFO     | __main__:fetch_txt_file:62 - SUCCESS: Text file fetched and saved as romeo.txt
2025-05-20 21:41:56.861 | INFO     | utils_logger:<module>:41 - Logging to file: logs\project_log.log
2025-05-20 21:41:56.862 | INFO     | __main__:<module>:131 - Starting CSV processing...
2025-05-20 21:42:50.590 | INFO     | utils_logger:<module>:41 - Logging to file: logs\project_log.log
2025-05-20 21:42:50.591 | INFO     | __main__:<module>:128 - Starting CSV processing...
2025-05-20 21:42:50.599 | INFO     | __main__:save_star_bar_chart:117 - Text-based bar chart saved to: example_processed\happiness_ladder_score_chart.txt
2025-05-20 21:42:50.599 | INFO     | __main__:process_csv_file:93 - Processed CSV file: example_data\2020_happiness.csv, Statistics saved to: example_processed\happiness_ladder_score_stats.txt
2025-05-20 21:42:50.600 | INFO     | __main__:process_csv_file:94 - Text-based bar chart saved to: example_processed\happiness_ladder_score_chart.txt
2025-05-20 21:42:50.600 | INFO     | __main__:<module>:130 - CSV processing complete.
2025-05-21 12:07:44.466 | INFO     | utils_logger:<module>:41 - Logging to file: logs\project_log.log
2025-05-21 12:07:44.644 | INFO     | __main__:main:99 - Starting Excel fetch demonstration...
2025-05-21 12:07:44.645 | INFO     | __main__:fetch_excel_file:58 - Fetching Excel data from https://raw.githubusercontent.com/denisecase/datafun-03-analytics/main/hosted/Feedback.xlsx...
2025-05-21 12:07:45.230 | INFO     | __main__:write_excel_file:82 - Writing Excel data to example_data\Feedback.xlsx...
2025-05-21 12:07:45.231 | INFO     | __main__:write_excel_file:86 - SUCCESS: Excel data written to example_data\Feedback.xlsx
2025-05-21 12:07:45.231 | INFO     | __main__:fetch_excel_file:62 - SUCCESS: Excel file fetched and saved as Feedback.xlsx
2025-05-21 12:08:31.527 | INFO     | utils_logger:<module>:41 - Logging to file: logs\project_log.log
2025-05-21 12:08:31.664 | INFO     | __main__:main:99 - Starting Excel fetch demonstration...
2025-05-21 12:08:31.665 | INFO     | __main__:fetch_excel_file:58 - Fetching Excel data from https://raw.githubusercontent.com/denisecase/datafun-03-analytics/main/hosted/Feedback.xlsx...
2025-05-21 12:08:32.027 | INFO     | __main__:write_excel_file:82 - Writing Excel data to example_data\Feedback.xlsx...
2025-05-21 12:08:32.028 | INFO     | __main__:write_excel_file:86 - SUCCESS: Excel data written to example_data\Feedback.xlsx
2025-05-21 12:08:32.028 | INFO     | __main__:fetch_excel_file:62 - SUCCESS: Excel file fetched and saved as Feedback.xlsx
2025-05-21 12:14:26.380 | INFO     | utils_logger:<module>:41 - Logging to file: logs\project_log.log
2025-05-21 12:14:26.537 | INFO     | __main__:main:103 - Starting Excel fetch demonstration...
2025-05-21 12:14:26.566 | INFO     | __main__:fetch_excel_file:62 - Fetching Excel data from https://raw.githubusercontent.com/denisecase/datafun-03-analytics/main/hosted/Feedback.xlsx...
2025-05-21 12:14:26.969 | INFO     | __main__:write_excel_file:86 - Writing Excel data to example_data\Feedback.xlsx...
2025-05-21 12:14:26.972 | INFO     | __main__:write_excel_file:90 - SUCCESS: Excel data written to example_data\Feedback.xlsx
2025-05-21 12:14:26.972 | INFO     | __main__:fetch_excel_file:66 - SUCCESS: Excel file fetched and saved as Feedback.xlsx
2025-05-21 12:17:39.520 | INFO     | utils_logger:<module>:41 - Logging to file: logs\project_log.log
2025-05-21 12:17:39.651 | INFO     | __main__:main:109 - Starting Excel fetch demonstration...
2025-05-21 12:17:39.651 | INFO     | __main__:fetch_excel_file:68 - Fetching Excel data from https://raw.githubusercontent.com/denisecase/datafun-03-analytics/main/hosted/Feedback.xlsx...
2025-05-21 12:17:39.967 | INFO     | __main__:write_excel_file:92 - Writing Excel data to example_data\Feedback.xlsx...
2025-05-21 12:17:39.969 | INFO     | __main__:write_excel_file:96 - SUCCESS: Excel data written to example_data\Feedback.xlsx
2025-05-21 12:17:39.969 | INFO     | __main__:fetch_excel_file:72 - SUCCESS: Excel file fetched and saved as Feedback.xlsx
2025-05-21 12:28:16.373 | INFO     | utils_logger:<module>:41 - Logging to file: logs\project_log.log
2025-05-21 12:28:16.373 | INFO     | __main__:main:104 - Starting Excel fetch demonstration...
2025-05-21 12:28:16.373 | INFO     | __main__:fetch_excel_file:56 - Fetching Excel data from https://raw.githubusercontent.com/denisecase/datafun-03-analytics/main/hosted/Feedback.xlsx...
2025-05-21 12:28:16.865 | ERROR    | __main__:fetch_excel_file:65 - Download failed or not an Excel file. Status: 200, Content-Type: application/octet-stream
2025-05-21 12:32:04.607 | INFO     | utils_logger:<module>:41 - Logging to file: logs\project_log.log
2025-05-21 12:32:04.607 | INFO     | __main__:main:106 - Starting Excel fetch demonstration...
2025-05-21 12:32:04.608 | INFO     | __main__:fetch_excel_file:56 - Fetching Excel data from https://raw.githubusercontent.com/denisecase/datafun-03-analytics/main/hosted/Feedback.xlsx...
2025-05-21 12:32:04.887 | INFO     | __main__:fetch_excel_file:65 - Download successful. Content appears to be an Excel file.
2025-05-21 12:32:04.887 | INFO     | __main__:write_excel_file:89 - Writing Excel data to example_data\Feedback.xlsx...
2025-05-21 12:32:04.889 | INFO     | __main__:write_excel_file:93 - SUCCESS: Excel data written to example_data\Feedback.xlsx
2025-05-21 12:32:04.889 | INFO     | __main__:fetch_excel_file:67 - SUCCESS: Excel file fetched and saved as Feedback.xlsx
2025-05-21 12:32:30.387 | INFO     | utils_logger:<module>:41 - Logging to file: logs\project_log.log
2025-05-21 12:32:30.388 | INFO     | __main__:main:106 - Starting Excel fetch demonstration...
2025-05-21 12:32:30.388 | INFO     | __main__:fetch_excel_file:56 - Fetching Excel data from https://raw.githubusercontent.com/denisecase/datafun-03-analytics/main/hosted/Feedback.xlsx...
2025-05-21 12:32:30.724 | INFO     | __main__:fetch_excel_file:65 - Download successful. Content appears to be an Excel file.
2025-05-21 12:32:30.728 | INFO     | __main__:write_excel_file:89 - Writing Excel data to example_data\Feedback.xlsx...
2025-05-21 12:32:30.729 | INFO     | __main__:write_excel_file:93 - SUCCESS: Excel data written to example_data\Feedback.xlsx
2025-05-21 12:32:30.729 | INFO     | __main__:fetch_excel_file:67 - SUCCESS: Excel file fetched and saved as Feedback.xlsx
2025-05-21 12:33:30.531 | INFO     | utils_logger:<module>:41 - Logging to file: logs\project_log.log
2025-05-21 12:33:30.531 | INFO     | __main__:main:110 - Starting Excel fetch demonstration...
2025-05-21 12:33:30.531 | INFO     | __main__:fetch_excel_file:60 - Fetching Excel data from https://raw.githubusercontent.com/denisecase/datafun-03-analytics/main/hosted/Feedback.xlsx...
2025-05-21 12:33:31.045 | INFO     | __main__:fetch_excel_file:69 - Download successful. Content appears to be an Excel file.
2025-05-21 12:33:31.045 | INFO     | __main__:write_excel_file:93 - Writing Excel data to example_data\Feedback.xlsx...
2025-05-21 12:33:31.046 | INFO     | __main__:write_excel_file:97 - SUCCESS: Excel data written to example_data\Feedback.xlsx
2025-05-21 12:33:31.046 | INFO     | __main__:fetch_excel_file:71 - SUCCESS: Excel file fetched and saved as Feedback.xlsx
2025-05-21 12:35:26.750 | INFO     | utils_logger:<module>:41 - Logging to file: logs\project_log.log
2025-05-21 12:35:26.751 | INFO     | __main__:main:100 - Starting Excel fetch demonstration...
2025-05-21 12:35:26.751 | INFO     | __main__:fetch_excel_file:51 - Fetching Excel data from https://raw.githubusercontent.com/denisecase/datafun-03-analytics/main/hosted/Feedback.xlsx...
2025-05-21 12:35:26.964 | INFO     | __main__:fetch_excel_file:60 - Download successful. Content appears to be an Excel file.
2025-05-21 12:35:26.965 | INFO     | __main__:write_excel_file:81 - Writing Excel data to example_data\Feedback.xlsx...
2025-05-21 12:35:26.967 | INFO     | __main__:write_excel_file:85 - SUCCESS: Excel data written to example_data\Feedback.xlsx
2025-05-21 12:35:26.967 | INFO     | __main__:fetch_excel_file:62 - SUCCESS: Excel file fetched and saved as Feedback.xlsx
2025-05-21 13:55:35.856 | INFO     | utils_logger:<module>:41 - Logging to file: logs\project_log.log
2025-05-21 13:55:35.857 | INFO     | __main__:<module>:83 - Starting Excel processing...
2025-05-21 13:55:35.898 | INFO     | __main__:process_excel_file:76 - Processed Excel file: example_data\Feedback.xlsx, Word count saved to: example_processed\excel_feedback_github_count.txt
2025-05-21 13:55:35.898 | INFO     | __main__:<module>:85 - Excel processing complete.
2025-05-21 13:56:27.372 | INFO     | utils_logger:<module>:41 - Logging to file: logs\project_log.log
2025-05-21 13:56:27.372 | INFO     | __main__:<module>:88 - Starting Excel processing...
2025-05-21 13:56:27.401 | INFO     | __main__:process_excel_file:81 - Processed Excel file: example_data\Feedback.xlsx, Word count saved to: example_processed\excel_feedback_github_count.txt
2025-05-21 13:56:27.401 | INFO     | __main__:<module>:90 - Excel processing complete.
2025-05-21 13:58:45.003 | INFO     | utils_logger:<module>:41 - Logging to file: logs\project_log.log
2025-05-21 13:58:45.003 | INFO     | __main__:<module>:88 - Starting Excel processing...
2025-05-21 13:58:45.046 | INFO     | __main__:process_excel_file:81 - Processed Excel file: example_data\Feedback.xlsx, Word count saved to: example_processed\excel_feedback_doc_count.txt
2025-05-21 13:58:45.053 | INFO     | __main__:<module>:90 - Excel processing complete.
2025-05-21 16:08:53.819 | INFO     | utils_logger:<module>:41 - Logging to file: logs\project_log.log
2025-05-21 16:08:53.819 | INFO     | __main__:main:97 - Starting CSV fetch demonstration...
2025-05-21 16:08:53.819 | INFO     | __main__:fetch_csv_file:56 - Fetching CSV data from https://raw.githubusercontent.com/MainakRepositor/Datasets/master/World%20Happiness%20Data/2020.csv...
2025-05-21 16:08:54.421 | INFO     | __main__:write_csv_file:80 - Writing CSV data to example_data\2020_happiness.csv...
2025-05-21 16:08:54.424 | INFO     | __main__:write_csv_file:84 - SUCCESS: CSV data written to example_data\2020_happiness.csv
2025-05-21 16:08:54.426 | INFO     | __main__:fetch_csv_file:60 - SUCCESS: CSV file fetched and saved as 2020_happiness.csv
2025-05-21 17:54:38.768 | INFO     | utils_logger:<module>:41 - Logging to file: logs\project_log.log
2025-05-21 17:54:38.768 | INFO     | __main__:<module>:140 - Starting JSON processing...
2025-05-21 17:54:38.768 | INFO     | __main__:process_json_file:123 - Processed JSON file: raw_data\astros.json, Results saved to: processed_data\json_astronauts_by_craft.txt
2025-05-21 17:54:38.779 | INFO     | __main__:process_json_file:133 - Astronaut names saved to: processed_data\json_astronaut_names.txt
2025-05-21 17:54:38.779 | INFO     | __main__:<module>:142 - JSON processing complete.
2025-05-21 22:44:36.535 | INFO     | utils_logger:<module>:41 - Logging to file: logs\project_log.log
2025-05-21 22:44:36.536 | INFO     | __main__:<module>:74 - Starting text processing...
2025-05-21 22:44:36.539 | INFO     | __main__:process_text_file:67 - Processed text file: raw_data\Romeo_and_Juliet_Play.txt, Word count saved to: processed_data\Text_Gregory_Word_Count.txt
2025-05-21 22:44:36.539 | INFO     | __main__:<module>:76 - Text processing complete.
